<?xml version="1.0" encoding="utf-8"?><testsuites name="pytest tests"><testsuite name="pytest" errors="0" failures="0" skipped="0" tests="17" time="23.294" timestamp="2026-02-01T05:24:05.351480+00:00" hostname="agent-env-142ce73f-18c5-43e1-810a-6b0d6256b9bc"><testcase classname="backend.tests.test_auth_dashboards.TestAuthLogin" name="test_login_success" time="1.017" /><testcase classname="backend.tests.test_auth_dashboards.TestAuthLogin" name="test_login_invalid_credentials" time="0.490" /><testcase classname="backend.tests.test_auth_dashboards.TestAuthLogin" name="test_login_missing_fields" time="0.484" /><testcase classname="backend.tests.test_auth_dashboards.TestAuthenticatedEndpoints" name="test_get_current_user" time="1.542" /><testcase classname="backend.tests.test_auth_dashboards.TestInverfactDashboard" name="test_get_inverfact_strategies" time="1.109" /><testcase classname="backend.tests.test_auth_dashboards.TestInverfactDashboard" name="test_get_user_inverfact_strategies" time="1.257" /><testcase classname="backend.tests.test_auth_dashboards.TestInverfactDashboard" name="test_get_admin_users_strategies" time="1.327" /><testcase classname="backend.tests.test_auth_dashboards.TestInverfactDashboard" name="test_inverfact_contact_form" time="1.519" /><testcase classname="backend.tests.test_auth_dashboards.TestNomadHiveDashboard" name="test_get_nomadhive_profile" time="1.432" /><testcase classname="backend.tests.test_auth_dashboards.TestNomadHiveDashboard" name="test_get_nomadhive_tasks" time="1.910" /><testcase classname="backend.tests.test_auth_dashboards.TestNomadHiveDashboard" name="test_get_nomadhive_rewards" time="2.021" /><testcase classname="backend.tests.test_auth_dashboards.TestNomadHiveDashboard" name="test_get_nomadhive_orders" time="1.080" /><testcase classname="backend.tests.test_auth_dashboards.TestNomadHiveDashboard" name="test_get_nomadhive_leaderboard" time="1.296" /><testcase classname="backend.tests.test_auth_dashboards.TestAdminDashboard" name="test_get_dashboard_stats" time="1.419" /><testcase classname="backend.tests.test_auth_dashboards.TestAdminDashboard" name="test_get_products" time="1.991" /><testcase classname="backend.tests.test_auth_dashboards.TestAdminDashboard" name="test_get_users" time="1.299" /><testcase classname="backend.tests.test_auth_dashboards.TestAdminDashboard" name="test_get_inverpulse_investors" time="1.747" /></testsuite></testsuites>